2015-04-11 00:41:57+0800 [scrapy] ERROR: '00000000000000000000000000'
2015-04-11 00:51:53+0800 [tmall_fp_product] ERROR: Obtaining request from start requests
	Traceback (most recent call last):
	  File "/usr/lib/python2.7/dist-packages/twisted/internet/base.py", line 1169, in run
	    self.mainLoop()
	  File "/usr/lib/python2.7/dist-packages/twisted/internet/base.py", line 1178, in mainLoop
	    self.runUntilCurrent()
	  File "/usr/lib/python2.7/dist-packages/twisted/internet/base.py", line 800, in runUntilCurrent
	    call.func(*call.args, **call.kw)
	  File "/usr/lib/pymodules/python2.7/scrapy/utils/reactor.py", line 41, in __call__
	    return self._func(*self._a, **self._kw)
	--- <exception caught here> ---
	  File "/usr/lib/pymodules/python2.7/scrapy/core/engine.py", line 106, in _next_request
	    request = next(slot.start_requests)
	  File "/home/jihuanli/dabanniu/spider/tmall_fp_product/tmall_fp_product/spiders/tmall_fp_product_spider.py", line 47, in start_requests
	    response_result = conn.getresponse().read()
	  File "/usr/lib/python2.7/httplib.py", line 1030, in getresponse
	    response.begin()
	  File "/usr/lib/python2.7/httplib.py", line 407, in begin
	    version, status, reason = self._read_status()
	  File "/usr/lib/python2.7/httplib.py", line 365, in _read_status
	    line = self.fp.readline()
	  File "/usr/lib/python2.7/socket.py", line 430, in readline
	    data = recv(1)
	socket.error: [Errno 104] Connection reset by peer
	
2015-04-11 00:51:54+0800 [scrapy] ERROR: '11111111111111111111111'
2015-04-11 00:51:54+0800 [scrapy] ERROR: '222222222222222222222'
2015-04-11 00:51:54+0800 [scrapy] ERROR: u'10'
2015-04-11 00:51:54+0800 [scrapy] ERROR: '222222222222222222222'
2015-04-11 00:51:55+0800 [scrapy] ERROR: '11111111111111111111111'
2015-04-11 00:51:55+0800 [scrapy] ERROR: '222222222222222222222'
2015-04-11 00:51:55+0800 [scrapy] ERROR: u'13'
2015-04-11 00:51:55+0800 [scrapy] ERROR: '222222222222222222222'
2015-04-11 00:51:55+0800 [scrapy] ERROR: '11111111111111111111111'
2015-04-11 00:51:55+0800 [scrapy] ERROR: '222222222222222222222'
2015-04-11 00:51:55+0800 [scrapy] ERROR: u'2'
2015-04-11 00:51:55+0800 [scrapy] ERROR: '222222222222222222222'
2015-04-11 00:51:55+0800 [scrapy] ERROR: '33333333333333333333333'
2015-04-11 00:51:55+0800 [scrapy] ERROR: '11111111111111111111111'
2015-04-11 00:51:55+0800 [scrapy] ERROR: '222222222222222222222'
2015-04-11 00:51:55+0800 [scrapy] ERROR: u'11'
2015-04-11 00:51:55+0800 [scrapy] ERROR: '222222222222222222222'
2015-04-11 00:51:56+0800 [scrapy] ERROR: '33333333333333333333333'
2015-04-11 00:51:57+0800 [scrapy] ERROR: '33333333333333333333333'
2015-04-11 00:51:57+0800 [scrapy] ERROR: '33333333333333333333333'
2015-04-11 00:51:57+0800 [scrapy] ERROR: '33333333333333333333333'
2015-04-11 00:51:57+0800 [scrapy] ERROR: '11111111111111111111111'
2015-04-11 00:51:58+0800 [scrapy] ERROR: '222222222222222222222'
2015-04-11 00:51:58+0800 [scrapy] ERROR: u'4'
2015-04-11 00:51:58+0800 [scrapy] ERROR: '222222222222222222222'
2015-04-11 00:51:58+0800 [scrapy] ERROR: '444444444444444444444444'
2015-04-11 00:51:59+0800 [scrapy] ERROR: '444444444444444444444444'
2015-04-11 00:51:59+0800 [scrapy] ERROR: '444444444444444444444444'
2015-04-11 00:52:00+0800 [scrapy] ERROR: '444444444444444444444444'
2015-04-11 00:52:00+0800 [scrapy] ERROR: '33333333333333333333333'
2015-04-11 00:52:01+0800 [scrapy] ERROR: '444444444444444444444444'
2015-04-11 00:52:02+0800 [scrapy] ERROR: '555555555555555555555555'
2015-04-11 00:52:02+0800 [scrapy] ERROR: '555555555555555555555555'
2015-04-11 00:52:02+0800 [scrapy] ERROR: '555555555555555555555555'
2015-04-11 00:52:02+0800 [scrapy] ERROR: '444444444444444444444444'
2015-04-11 00:52:02+0800 [scrapy] ERROR: '555555555555555555555555'
2015-04-11 00:52:04+0800 [scrapy] ERROR: '555555555555555555555555'
2015-04-11 00:52:05+0800 [scrapy] ERROR: '444444444444444444444444'
2015-04-11 00:52:07+0800 [scrapy] ERROR: '444444444444444444444444'
2015-04-11 00:52:10+0800 [scrapy] ERROR: '444444444444444444444444'
2015-04-11 00:52:13+0800 [scrapy] ERROR: '555555555555555555555555'
2015-04-11 00:52:15+0800 [scrapy] ERROR: '444444444444444444444444'
2015-04-11 00:52:18+0800 [scrapy] ERROR: '444444444444444444444444'
2015-04-11 00:52:20+0800 [scrapy] ERROR: '555555555555555555555555'
2015-04-11 00:52:23+0800 [scrapy] ERROR: '555555555555555555555555'
2015-04-11 00:52:26+0800 [scrapy] ERROR: '555555555555555555555555'
2015-04-11 00:52:29+0800 [scrapy] ERROR: '444444444444444444444444'
2015-04-11 00:52:31+0800 [scrapy] ERROR: '555555555555555555555555'
2015-04-11 00:52:34+0800 [scrapy] ERROR: '555555555555555555555555'
2015-04-11 00:52:36+0800 [scrapy] ERROR: '444444444444444444444444'
2015-04-11 00:52:39+0800 [scrapy] ERROR: '444444444444444444444444'
2015-04-11 00:52:41+0800 [scrapy] ERROR: '444444444444444444444444'
2015-04-11 00:52:43+0800 [scrapy] ERROR: '555555555555555555555555'
2015-04-11 00:52:45+0800 [scrapy] ERROR: '444444444444444444444444'
2015-04-11 00:52:48+0800 [scrapy] ERROR: '444444444444444444444444'
2015-04-11 00:52:51+0800 [scrapy] ERROR: '555555555555555555555555'
2015-04-11 00:52:54+0800 [scrapy] ERROR: '555555555555555555555555'
2015-04-11 00:52:56+0800 [scrapy] ERROR: '555555555555555555555555'
2015-04-11 00:52:58+0800 [scrapy] ERROR: '444444444444444444444444'
2015-04-11 00:53:00+0800 [scrapy] ERROR: '555555555555555555555555'
2015-04-11 00:53:02+0800 [scrapy] ERROR: '555555555555555555555555'
2015-04-11 00:53:05+0800 [scrapy] ERROR: '444444444444444444444444'
2015-04-11 00:53:08+0800 [scrapy] ERROR: '444444444444444444444444'
2015-04-11 00:53:10+0800 [scrapy] ERROR: '444444444444444444444444'
2015-04-11 00:53:11+0800 [scrapy] ERROR: '555555555555555555555555'
2015-04-11 00:53:14+0800 [scrapy] ERROR: '444444444444444444444444'
2015-04-11 00:53:15+0800 [scrapy] ERROR: '444444444444444444444444'
2015-04-11 00:53:17+0800 [scrapy] ERROR: '555555555555555555555555'
2015-04-11 00:53:20+0800 [scrapy] ERROR: '555555555555555555555555'
2015-04-11 00:53:22+0800 [scrapy] ERROR: '555555555555555555555555'
2015-04-11 00:53:25+0800 [scrapy] ERROR: '444444444444444444444444'
2015-04-11 00:53:28+0800 [scrapy] ERROR: '555555555555555555555555'
2015-04-11 00:53:30+0800 [scrapy] ERROR: '555555555555555555555555'
2015-04-11 00:53:32+0800 [scrapy] ERROR: '444444444444444444444444'
2015-04-11 00:53:35+0800 [scrapy] ERROR: '444444444444444444444444'
2015-04-11 00:53:37+0800 [scrapy] ERROR: '444444444444444444444444'
2015-04-11 00:53:39+0800 [scrapy] ERROR: '555555555555555555555555'
2015-04-11 00:53:41+0800 [scrapy] ERROR: '444444444444444444444444'
2015-04-11 00:53:42+0800 [scrapy] ERROR: '444444444444444444444444'
2015-04-11 00:53:44+0800 [scrapy] ERROR: '555555555555555555555555'
2015-04-11 00:53:46+0800 [scrapy] ERROR: '555555555555555555555555'
2015-04-11 00:53:49+0800 [scrapy] ERROR: '555555555555555555555555'
2015-04-11 00:53:51+0800 [scrapy] ERROR: '444444444444444444444444'
2015-04-11 00:53:54+0800 [scrapy] ERROR: '555555555555555555555555'
2015-04-11 00:53:57+0800 [scrapy] ERROR: '555555555555555555555555'
2015-04-11 00:53:58+0800 [scrapy] ERROR: '444444444444444444444444'
2015-04-11 00:54:01+0800 [scrapy] ERROR: '444444444444444444444444'
2015-04-11 00:54:04+0800 [scrapy] ERROR: '444444444444444444444444'
2015-04-11 00:54:06+0800 [scrapy] ERROR: '555555555555555555555555'
2015-04-11 00:54:09+0800 [scrapy] ERROR: '444444444444444444444444'
2015-04-11 00:54:11+0800 [scrapy] ERROR: '444444444444444444444444'
2015-04-11 00:54:14+0800 [scrapy] ERROR: '555555555555555555555555'
2015-04-11 00:54:16+0800 [scrapy] ERROR: '555555555555555555555555'
2015-04-11 00:54:19+0800 [scrapy] ERROR: '555555555555555555555555'
2015-04-11 00:54:22+0800 [scrapy] ERROR: '444444444444444444444444'
2015-04-11 00:54:24+0800 [scrapy] ERROR: '555555555555555555555555'
2015-04-11 00:54:26+0800 [scrapy] ERROR: '555555555555555555555555'
2015-04-11 00:54:28+0800 [scrapy] ERROR: '444444444444444444444444'
2015-04-11 00:54:30+0800 [scrapy] ERROR: '444444444444444444444444'
2015-04-11 00:54:33+0800 [scrapy] ERROR: '444444444444444444444444'
2015-04-11 00:54:35+0800 [scrapy] ERROR: '555555555555555555555555'
2015-04-11 00:54:38+0800 [scrapy] ERROR: '444444444444444444444444'
2015-04-11 00:54:40+0800 [scrapy] ERROR: '444444444444444444444444'
2015-04-11 00:54:42+0800 [scrapy] ERROR: '555555555555555555555555'
2015-04-11 00:54:44+0800 [scrapy] ERROR: '555555555555555555555555'
2015-04-11 00:54:46+0800 [scrapy] ERROR: '555555555555555555555555'
2015-04-11 00:54:49+0800 [scrapy] ERROR: '444444444444444444444444'
2015-04-11 00:54:51+0800 [scrapy] ERROR: '555555555555555555555555'
2015-04-11 00:54:54+0800 [scrapy] ERROR: '555555555555555555555555'
2015-04-11 00:55:02+0800 [scrapy] ERROR: '444444444444444444444444'
2015-04-11 00:55:08+0800 [scrapy] ERROR: '444444444444444444444444'
2015-04-11 00:55:09+0800 [scrapy] ERROR: '33333333333333333333333'
2015-04-11 00:55:10+0800 [scrapy] ERROR: '555555555555555555555555'
2015-04-11 00:55:14+0800 [scrapy] ERROR: '33333333333333333333333'
2015-04-11 00:55:17+0800 [scrapy] ERROR: '33333333333333333333333'
2015-04-11 00:55:18+0800 [scrapy] ERROR: '555555555555555555555555'
2015-04-11 00:55:20+0800 [scrapy] ERROR: '555555555555555555555555'
2015-04-11 00:55:22+0800 [scrapy] ERROR: '444444444444444444444444'
2015-04-11 00:55:43+0800 [scrapy] ERROR: '444444444444444444444444'
2015-04-11 00:55:43+0800 [scrapy] ERROR: '444444444444444444444444'
2015-04-11 00:55:46+0800 [scrapy] ERROR: '444444444444444444444444'
2015-04-11 00:55:51+0800 [scrapy] ERROR: '444444444444444444444444'
2015-04-11 00:55:57+0800 [scrapy] ERROR: '444444444444444444444444'
2015-04-11 00:55:57+0800 [scrapy] ERROR: '555555555555555555555555'
2015-04-11 00:55:58+0800 [scrapy] ERROR: '555555555555555555555555'
2015-04-11 00:56:01+0800 [scrapy] ERROR: '555555555555555555555555'
2015-04-11 00:56:03+0800 [scrapy] ERROR: '555555555555555555555555'
2015-04-11 00:56:06+0800 [scrapy] ERROR: '555555555555555555555555'
2015-04-11 00:56:08+0800 [scrapy] ERROR: '555555555555555555555555'
2015-04-11 00:56:13+0800 [scrapy] ERROR: '444444444444444444444444'
2015-04-11 00:56:23+0800 [scrapy] ERROR: '444444444444444444444444'
2015-04-11 00:56:24+0800 [scrapy] ERROR: '444444444444444444444444'
2015-04-11 00:56:27+0800 [scrapy] ERROR: '444444444444444444444444'
2015-04-11 00:56:31+0800 [scrapy] ERROR: '444444444444444444444444'
2015-04-11 00:56:32+0800 [scrapy] ERROR: '444444444444444444444444'
2015-04-11 00:56:34+0800 [scrapy] ERROR: '555555555555555555555555'
2015-04-11 00:56:37+0800 [scrapy] ERROR: '555555555555555555555555'
2015-04-11 00:56:39+0800 [scrapy] ERROR: '555555555555555555555555'
2015-04-11 00:56:42+0800 [scrapy] ERROR: '555555555555555555555555'
2015-04-11 00:56:44+0800 [scrapy] ERROR: '555555555555555555555555'
2015-04-11 00:56:46+0800 [scrapy] ERROR: '555555555555555555555555'
2015-04-11 00:56:49+0800 [scrapy] ERROR: '444444444444444444444444'
2015-04-11 00:56:53+0800 [scrapy] ERROR: '444444444444444444444444'
2015-04-11 00:56:54+0800 [scrapy] ERROR: '444444444444444444444444'
2015-04-11 00:57:08+0800 [scrapy] ERROR: '444444444444444444444444'
2015-04-11 00:57:10+0800 [scrapy] ERROR: '444444444444444444444444'
