2015-03-13 00:00:18+0800 [-] ERROR: Unhandled error in Deferred:
2015-03-13 00:00:18+0800 [-] Unhandled Error
	Traceback (most recent call last):
	  File "/usr/lib/pymodules/python2.7/scrapy/cmdline.py", line 150, in _run_command
	    cmd.run(args, opts)
	  File "/usr/lib/pymodules/python2.7/scrapy/commands/crawl.py", line 57, in run
	    self.crawler_process.crawl(spname, **opts.spargs)
	  File "/usr/lib/pymodules/python2.7/scrapy/crawler.py", line 85, in crawl
	    d = crawler.crawl(*args, **kwargs)
	  File "/usr/lib/python2.7/dist-packages/twisted/internet/defer.py", line 1181, in unwindGenerator
	    return _inlineCallbacks(None, gen, Deferred())
	--- <exception caught here> ---
	  File "/usr/lib/python2.7/dist-packages/twisted/internet/defer.py", line 1039, in _inlineCallbacks
	    result = g.send(result)
	  File "/usr/lib/pymodules/python2.7/scrapy/crawler.py", line 51, in crawl
	    self.engine = self._create_engine()
	  File "/usr/lib/pymodules/python2.7/scrapy/crawler.py", line 63, in _create_engine
	    return ExecutionEngine(self, lambda _: self.stop())
	  File "/usr/lib/pymodules/python2.7/scrapy/core/engine.py", line 63, in __init__
	    self.scraper = Scraper(crawler)
	  File "/usr/lib/pymodules/python2.7/scrapy/core/scraper.py", line 67, in __init__
	    self.itemproc = itemproc_cls.from_crawler(crawler)
	  File "/usr/lib/pymodules/python2.7/scrapy/middleware.py", line 50, in from_crawler
	    return cls.from_settings(crawler.settings, crawler)
	  File "/usr/lib/pymodules/python2.7/scrapy/middleware.py", line 29, in from_settings
	    mwcls = load_object(clspath)
	  File "/usr/lib/pymodules/python2.7/scrapy/utils/misc.py", line 44, in load_object
	    mod = import_module(module)
	  File "/usr/lib/python2.7/importlib/__init__.py", line 37, in import_module
	    __import__(name)
	exceptions.SyntaxError: invalid syntax (pipelines.py, line 39)
	
2015-03-13 00:01:27+0800 [-] ERROR: Unhandled error in Deferred:
2015-03-13 00:01:27+0800 [-] Unhandled Error
	Traceback (most recent call last):
	  File "/usr/lib/pymodules/python2.7/scrapy/cmdline.py", line 150, in _run_command
	    cmd.run(args, opts)
	  File "/usr/lib/pymodules/python2.7/scrapy/commands/crawl.py", line 57, in run
	    self.crawler_process.crawl(spname, **opts.spargs)
	  File "/usr/lib/pymodules/python2.7/scrapy/crawler.py", line 85, in crawl
	    d = crawler.crawl(*args, **kwargs)
	  File "/usr/lib/python2.7/dist-packages/twisted/internet/defer.py", line 1181, in unwindGenerator
	    return _inlineCallbacks(None, gen, Deferred())
	--- <exception caught here> ---
	  File "/usr/lib/python2.7/dist-packages/twisted/internet/defer.py", line 1039, in _inlineCallbacks
	    result = g.send(result)
	  File "/usr/lib/pymodules/python2.7/scrapy/crawler.py", line 51, in crawl
	    self.engine = self._create_engine()
	  File "/usr/lib/pymodules/python2.7/scrapy/crawler.py", line 63, in _create_engine
	    return ExecutionEngine(self, lambda _: self.stop())
	  File "/usr/lib/pymodules/python2.7/scrapy/core/engine.py", line 63, in __init__
	    self.scraper = Scraper(crawler)
	  File "/usr/lib/pymodules/python2.7/scrapy/core/scraper.py", line 67, in __init__
	    self.itemproc = itemproc_cls.from_crawler(crawler)
	  File "/usr/lib/pymodules/python2.7/scrapy/middleware.py", line 50, in from_crawler
	    return cls.from_settings(crawler.settings, crawler)
	  File "/usr/lib/pymodules/python2.7/scrapy/middleware.py", line 29, in from_settings
	    mwcls = load_object(clspath)
	  File "/usr/lib/pymodules/python2.7/scrapy/utils/misc.py", line 44, in load_object
	    mod = import_module(module)
	  File "/usr/lib/python2.7/importlib/__init__.py", line 37, in import_module
	    __import__(name)
	exceptions.SyntaxError: invalid syntax (pipelines.py, line 39)
	
